{"name": "test_vwologin", "status": "failed", "statusDetails": {"message": "AssertionError: assert 'Dashboard' in 'Login - VWO'\n +  where 'Login - VWO' = <selenium.webdriver.chrome.webdriver.WebDriver (session=\"96aca1c0eb44642295247aa2c87c2c4a\")>.title", "trace": "self = <tests.vwo_login.test_vwologin.TestVWOLogin object at 0x10f913ed0>\nsetup = <selenium.webdriver.chrome.webdriver.WebDriver (session=\"96aca1c0eb44642295247aa2c87c2c4a\")>\n\n    @pytest.mark.usefixtures(\"setup\")\n    def test_vwologin(self, setup):\n        driver = setup\n        loginPage = LoginPage(driver)\n        loginPage.login_to_vwo(\"contact+augg@thetestingacademy.com\", \"Wingify@123\")\n        time.sleep(5)\n>       assert \"Dashboard\" in driver.title\nE       assert 'Dashboard' in 'Login - VWO'\nE        +  where 'Login - VWO' = <selenium.webdriver.chrome.webdriver.WebDriver (session=\"96aca1c0eb44642295247aa2c87c2c4a\")>.title\n\ntest_vwologin.py:16: AssertionError"}, "start": 1693453928342, "stop": 1693453940642, "uuid": "9d3d993c-a356-434d-a040-6838b496b641", "historyId": "8d50ae9131c65ef7a718fdb7d9c648e4", "testCaseId": "8d50ae9131c65ef7a718fdb7d9c648e4", "fullName": "tests.vwo_login.test_vwologin.TestVWOLogin#test_vwologin", "labels": [{"name": "tag", "value": "@pytest.mark.usefixtures('setup')"}, {"name": "parentSuite", "value": "tests.vwo_login"}, {"name": "suite", "value": "test_vwologin"}, {"name": "subSuite", "value": "TestVWOLogin"}, {"name": "host", "value": "Meghas-Mac-mini.local"}, {"name": "thread", "value": "30209-MainThread"}, {"name": "framework", "value": "pytest"}, {"name": "language", "value": "cpython3"}, {"name": "package", "value": "tests.vwo_login.test_vwologin"}]}