{"name": "test_vwologin", "status": "failed", "statusDetails": {"message": "AssertionError: assert 'Login - VWO' in 'Dashboard'\n +  where 'Dashboard' = <selenium.webdriver.chrome.webdriver.WebDriver (session=\"29099fe798a46987ab65ef97de9ca8eb\")>.title", "trace": "self = <tests.vwo_login.test_vwologin.TestVWOLogin object at 0x10eddbc10>\nsetup = <selenium.webdriver.chrome.webdriver.WebDriver (session=\"29099fe798a46987ab65ef97de9ca8eb\")>\n\n    @pytest.mark.usefixtures(\"setup\")\n    def test_vwologin(self, setup):\n        driver = setup\n        loginPage = LoginPage(driver)\n        loginPage.login_to_vwo(\"contact+augg@thetestingacademy.com\", \"Wingify@123\")\n        time.sleep(5)\n>       assert \"Login - VWO\" in driver.title\nE       assert 'Login - VWO' in 'Dashboard'\nE        +  where 'Dashboard' = <selenium.webdriver.chrome.webdriver.WebDriver (session=\"29099fe798a46987ab65ef97de9ca8eb\")>.title\n\ntest_vwologin.py:16: AssertionError"}, "start": 1693453865217, "stop": 1693453874518, "uuid": "febba692-e71b-4fb5-a57e-e996219e1144", "historyId": "8d50ae9131c65ef7a718fdb7d9c648e4", "testCaseId": "8d50ae9131c65ef7a718fdb7d9c648e4", "fullName": "tests.vwo_login.test_vwologin.TestVWOLogin#test_vwologin", "labels": [{"name": "tag", "value": "@pytest.mark.usefixtures('setup')"}, {"name": "parentSuite", "value": "tests.vwo_login"}, {"name": "suite", "value": "test_vwologin"}, {"name": "subSuite", "value": "TestVWOLogin"}, {"name": "host", "value": "Meghas-Mac-mini.local"}, {"name": "thread", "value": "30109-MainThread"}, {"name": "framework", "value": "pytest"}, {"name": "language", "value": "cpython3"}, {"name": "package", "value": "tests.vwo_login.test_vwologin"}]}